<?xml version="1.0" encoding="UTF-8"?>
<testng-results ignored="0" total="1" passed="1" failed="0" skipped="0">
  <reporter-output>
  </reporter-output>
  <suite started-at="2024-10-20T20:05:22 IST" name="Default suite" finished-at="2024-10-20T20:05:23 IST" duration-ms="1082">
    <groups>
      <group name="cucumber">
        <method signature="AbstractTestNGCucumberTests.runScenario(io.cucumber.testng.PickleWrapper,io.cucumber.testng.FeatureWrapper)[pri:0, instance:CucumberOptions.DailyPracRunner@63475ace]" name="runScenario" class="io.cucumber.testng.AbstractTestNGCucumberTests"/>
      </group> <!-- cucumber -->
    </groups>
    <test started-at="2024-10-20T20:05:22 IST" name="Default test" finished-at="2024-10-20T20:05:23 IST" duration-ms="1082">
      <class name="CucumberOptions.DailyPracRunner">
        <test-method is-config="true" signature="setUpClass(org.testng.ITestContext)[pri:0, instance:CucumberOptions.DailyPracRunner@63475ace]" started-at="2024-10-20T20:05:22 IST" name="setUpClass" finished-at="2024-10-20T20:05:22 IST" duration-ms="427" status="PASS">
          <params>
            <param index="0">
              <value>
                <![CDATA[org.testng.TestRunner@5a82ebf8]]>
              </value>
            </param>
          </params>
          <reporter-output>
          </reporter-output>
        </test-method> <!-- setUpClass -->
        <test-method signature="runScenario(io.cucumber.testng.PickleWrapper,io.cucumber.testng.FeatureWrapper)[pri:0, instance:CucumberOptions.DailyPracRunner@63475ace]" started-at="2024-10-20T20:05:22 IST" name="runScenario" description="Runs Cucumber Scenarios" data-provider="scenarios" finished-at="2024-10-20T20:05:23 IST" duration-ms="598" status="PASS">
          <params>
            <param index="0">
              <value>
                <![CDATA["window prac"]]>
              </value>
            </param>
            <param index="1">
              <value>
                <![CDATA["window"]]>
              </value>
            </param>
          </params>
          <reporter-output>
          </reporter-output>
        </test-method> <!-- runScenario -->
        <test-method is-config="true" signature="tearDownClass()[pri:0, instance:CucumberOptions.DailyPracRunner@63475ace]" started-at="2024-10-20T20:05:23 IST" name="tearDownClass" finished-at="2024-10-20T20:05:23 IST" duration-ms="20" status="PASS">
          <reporter-output>
          </reporter-output>
        </test-method> <!-- tearDownClass -->
      </class> <!-- CucumberOptions.DailyPracRunner -->
    </test> <!-- Default test -->
  </suite> <!-- Default suite -->
</testng-results>
